<?xml version="1.0" encoding="UTF-8"?>
<!-- Generated by org.testng.reporters.JUnitReportReporter -->
<testsuite skipped="0" hostname="Yashu" name="com.qa.sut.testClasses.ConfigurationTest" tests="2" failures="0" timestamp="2021-02-07T17:10:06 IST" time="21.019" errors="0">
  <testcase name="search" time="12.654" classname="com.qa.sut.testClasses.ConfigurationTest"/>
  <system-out/>
  <testcase name="launchBrowserChrome" time="8.365" classname="com.qa.sut.testClasses.ConfigurationTest"/>
  <system-out/>
</testsuite> <!-- com.qa.sut.testClasses.ConfigurationTest -->
