<?xml version="1.0" encoding="UTF-8"?>
<!-- Generated by org.testng.reporters.JUnitReportReporter -->
<testsuite skipped="0" hostname="Yashu" name="com.qa.sut.testClasses.HomeTest" tests="2" failures="0" timestamp="2021-02-06T20:38:40 IST" time="21.895" errors="0">
  <testcase name="launchBrowserChrome" time="8.210" classname="com.qa.sut.testClasses.HomeTest"/>
  <system-out/>
  <testcase name="verifyLogout" time="13.685" classname="com.qa.sut.testClasses.HomeTest"/>
  <system-out/>
</testsuite> <!-- com.qa.sut.testClasses.HomeTest -->
