<?xml version="1.0" encoding="UTF-8"?>
<!-- Generated by org.testng.reporters.JUnitReportReporter -->
<testsuite skipped="0" hostname="Yashu" name="com.qa.sut.testClasses.ConifgurationTest" tests="2" failures="0" timestamp="2021-02-06T20:54:14 IST" time="23.557" errors="0">
  <testcase name="search" time="13.099" classname="com.qa.sut.testClasses.ConifgurationTest"/>
  <system-out/>
  <testcase name="launchBrowserChrome" time="10.458" classname="com.qa.sut.testClasses.ConifgurationTest"/>
  <system-out/>
</testsuite> <!-- com.qa.sut.testClasses.ConifgurationTest -->
