<?xml version="1.0" encoding="UTF-8"?>
<!-- Generated by org.testng.reporters.JUnitReportReporter -->
<testsuite skipped="2" hostname="Yashu" name="com.qa.sut.testClasses.LoginTest" tests="2" failures="0" timestamp="2021-02-04T18:06:04 IST" time="0.000" errors="0">
  <testcase name="verifyPageTitle" time="0.000" classname="com.qa.sut.testClasses.LoginTest">
    <skipped/>
  </testcase> <!-- verifyPageTitle -->
  <system-out/>
  <testcase name="verifyLogin" time="0.000" classname="com.qa.sut.testClasses.LoginTest">
    <skipped/>
  </testcase> <!-- verifyLogin -->
  <system-out/>
</testsuite> <!-- com.qa.sut.testClasses.LoginTest -->
