<?xml version="1.0" encoding="UTF-8"?>
<!-- Generated by org.testng.reporters.JUnitReportReporter -->
<testsuite skipped="1" hostname="Yashu" name="com.qa.sut.testClasses.BaseTest" tests="2" failures="0" timestamp="2021-02-04T18:25:39 IST" time="11.890" errors="0">
  <testcase name="launchBrowserChrome" time="11.890" classname="com.qa.sut.testClasses.BaseTest"/>
  <system-out/>
  <testcase name="launchBrowser" classname="com.qa.sut.testClasses.BaseTest">
    <skipped/>
  </testcase> <!-- launchBrowser -->
  <system-out/>
</testsuite> <!-- com.qa.sut.testClasses.BaseTest -->
