<?xml version="1.0" encoding="UTF-8"?>
<!-- Generated by org.testng.reporters.JUnitReportReporter -->
<testsuite skipped="5" hostname="Yashu" name="com.qa.sut.testClasses.BaseTest" tests="6" failures="0" timestamp="2021-02-17T16:56:18 IST" time="16.032" errors="0">
  <testcase name="launchBrowserChrome" time="16.032" classname="com.qa.sut.testClasses.BaseTest"/>
  <system-out/>
  <testcase name="launchBrowser" classname="com.qa.sut.testClasses.BaseTest">
    <skipped/>
  </testcase> <!-- launchBrowser -->
  <system-out/>
  <testcase name="launchBrowser" classname="com.qa.sut.testClasses.BaseTest">
    <skipped/>
  </testcase> <!-- launchBrowser -->
  <system-out/>
  <testcase name="launchBrowser" classname="com.qa.sut.testClasses.BaseTest">
    <skipped/>
  </testcase> <!-- launchBrowser -->
  <system-out/>
  <testcase name="launchBrowser" classname="com.qa.sut.testClasses.BaseTest">
    <skipped/>
  </testcase> <!-- launchBrowser -->
  <system-out/>
  <testcase name="launchBrowser" classname="com.qa.sut.testClasses.BaseTest">
    <skipped/>
  </testcase> <!-- launchBrowser -->
  <system-out/>
</testsuite> <!-- com.qa.sut.testClasses.BaseTest -->
