<?xml version="1.0" encoding="UTF-8"?>
<!-- Generated by org.testng.reporters.JUnitReportReporter -->
<testsuite skipped="0" hostname="Yashu" name="com.qa.sut.testClasses.ConfigurationTest" tests="2" failures="0" timestamp="2021-02-17T16:56:18 IST" time="21.042" errors="0">
  <testcase name="launchBrowserChrome" time="6.588" classname="com.qa.sut.testClasses.ConfigurationTest"/>
  <system-out/>
  <testcase name="search" time="14.454" classname="com.qa.sut.testClasses.ConfigurationTest"/>
  <system-out/>
</testsuite> <!-- com.qa.sut.testClasses.ConfigurationTest -->
