<?xml version="1.0" encoding="UTF-8"?>
<!-- Generated by org.testng.reporters.JUnitReportReporter -->
<testsuite skipped="0" hostname="Yashu" name="com.qa.sut.testClasses.LoginTest" tests="3" failures="0" timestamp="2021-02-17T16:56:18 IST" time="11.426" errors="0">
  <testcase name="verifyPageTitle" time="0.061" classname="com.qa.sut.testClasses.LoginTest"/>
  <system-out/>
  <testcase name="launchBrowserChrome" time="6.282" classname="com.qa.sut.testClasses.LoginTest"/>
  <system-out/>
  <testcase name="verifyLogin" time="5.083" classname="com.qa.sut.testClasses.LoginTest"/>
  <system-out/>
</testsuite> <!-- com.qa.sut.testClasses.LoginTest -->
